rm params.o getdimensions.o giraf.o check.o  wcal2d.o tools.o alloc.o fonctions.o chimie.o physique.o io_netcdf.o io_ascii.o io.o *.mod *.exe 
rm: cannot remove ‘params.o’: No such file or directory
rm: cannot remove ‘getdimensions.o’: No such file or directory
rm: cannot remove ‘giraf.o’: No such file or directory
rm: cannot remove ‘check.o’: No such file or directory
rm: cannot remove ‘wcal2d.o’: No such file or directory
rm: cannot remove ‘tools.o’: No such file or directory
rm: cannot remove ‘alloc.o’: No such file or directory
rm: cannot remove ‘fonctions.o’: No such file or directory
rm: cannot remove ‘chimie.o’: No such file or directory
rm: cannot remove ‘physique.o’: No such file or directory
rm: cannot remove ‘io_netcdf.o’: No such file or directory
rm: cannot remove ‘io_ascii.o’: No such file or directory
rm: cannot remove ‘io.o’: No such file or directory
rm: cannot remove ‘*.mod’: No such file or directory
make: [clean] Error 1 (ignored)
ifort -o params.o -c -O2 -I/home/AASQAS/SOFT/Esmeralda/ESM_v2018/PROG/UTILS/include -O2 params.f90
ifort -c -O2 -I/home/AASQAS/SOFT/Esmeralda/ESM_v2018/PROG/UTILS/include -O2 params.f90	
ifort -c -O2 -I/home/AASQAS/SOFT/Esmeralda/ESM_v2018/PROG/UTILS/include -O2 getdimensions.f90
ifort -c -O2 -I/home/AASQAS/SOFT/Esmeralda/ESM_v2018/PROG/UTILS/include -O2 giraf.f90
ifort -c -O2 -I/home/AASQAS/SOFT/Esmeralda/ESM_v2018/PROG/UTILS/include -O2 check.f90
ifort -c -O2 -I/home/AASQAS/SOFT/Esmeralda/ESM_v2018/PROG/UTILS/include -O2 wcal2d.f90
ifort -c -O2 -I/home/AASQAS/SOFT/Esmeralda/ESM_v2018/PROG/UTILS/include -O2 tools.f90
ifort -c -O2 -I/home/AASQAS/SOFT/Esmeralda/ESM_v2018/PROG/UTILS/include -O2 alloc.f90
ifort -c -O2 -I/home/AASQAS/SOFT/Esmeralda/ESM_v2018/PROG/UTILS/include -O2 fonctions.f90
ifort -c -O2 -I/home/AASQAS/SOFT/Esmeralda/ESM_v2018/PROG/UTILS/include -O2 chimie.f90
ifort -c -O2 -I/home/AASQAS/SOFT/Esmeralda/ESM_v2018/PROG/UTILS/include -O2 physique.f90
ifort -c -O2 -I/home/AASQAS/SOFT/Esmeralda/ESM_v2018/PROG/UTILS/include -O2 io_netcdf.f90
ifort -c -O2 -I/home/AASQAS/SOFT/Esmeralda/ESM_v2018/PROG/UTILS/include -O2 io_ascii.f90
ifort -c -O2 -I/home/AASQAS/SOFT/Esmeralda/ESM_v2018/PROG/UTILS/include -O2 io.f90
(ifort -o giraf.exe params.o getdimensions.o giraf.o check.o  wcal2d.o tools.o alloc.o fonctions.o chimie.o physique.o io_netcdf.o io_ascii.o io.o -O2 -I/home/AASQAS/SOFT/Esmeralda/ESM_v2018/PROG/UTILS/include -O2  -L/home/AASQAS/SOFT/Esmeralda/ESM_v2018/PROG/UTILS/lib -lnetcdf -lnetcdff -L/home/1997913/echaxe03/prevalp/utils/projection -lproj )
